<?xml version="1.0" encoding="UTF-8"?>
<!-- Generated by org.testng.reporters.JUnitReportReporter -->
<testsuite skipped="0" hostname="inhydt_dhyd3041" name="testngg.Test1" tests="1" failures="0" timestamp="02 Aug 2018 15:39:09 GMT" time="15.701" errors="0">
  <testcase name="f" time="15.701" classname="testngg.Test1"/>
</testsuite> <!-- testngg.Test1 -->
